[35m[1mScanning dependencies of target reach_goal[0m
[ 50%] [32mBuilding CXX object CMakeFiles/reach_goal.dir/src/reach_goal.cpp.o[0m
[01m[K/home/jebeom/kist_slam_navi/catkin_ws/src/goal_reacher/src/reach_goal.cpp:[m[K In function â€˜[01m[Kint main(int, char**)[m[Kâ€™:
[01m[K/home/jebeom/kist_slam_navi/catkin_ws/src/goal_reacher/src/reach_goal.cpp:59:20:[m[K [01;31m[Kerror: [m[Kexpected â€˜[01m[K;[m[Kâ€™ before â€˜[01m[Kreturn[m[Kâ€™
   59 |     ros::shutdown()
      |                    [01;31m[K^[m[K
      |                    [32m[K;[m[K
   60 |     [32m[Kreturn[m[K 0;
      |     [32m[K~~~~~~[m[K          
make[2]: *** [CMakeFiles/reach_goal.dir/build.make:63: CMakeFiles/reach_goal.dir/src/reach_goal.cpp.o] Error 1
make[1]: *** [CMakeFiles/Makefile2:326: CMakeFiles/reach_goal.dir/all] Error 2
make: *** [Makefile:141: all] Error 2
